<?xml version="1.0" encoding="UTF-8"?>
<!-- Generated by org.testng.reporters.JUnitReportReporter -->
<testsuite hostname="DESKTOP-PG0CG1V" failures="0" tests="1" name="testingdemo.TestngDemo" time="0.016" errors="0" timestamp="2024-01-07T08:57:53 EST" skipped="0">
  <testcase classname="testingdemo.TestngDemo" name="demo" time="0.016"/>
</testsuite> <!-- testingdemo.TestngDemo -->
